<?xml version="1.0" encoding="UTF-8"?>
<testng-results ignored="0" total="1" passed="1" failed="0" skipped="0">
  <reporter-output>
  </reporter-output>
  <suite started-at="2022-03-24T14:30:02 IST" name="Default suite" finished-at="2022-03-24T14:30:02 IST" duration-ms="42">
    <groups>
    </groups>
    <test started-at="2022-03-24T14:30:02 IST" name="Default test" finished-at="2022-03-24T14:30:02 IST" duration-ms="42">
      <class name="com.vtiger.OrgTest.CreateLeadsTest">
        <test-method signature="createLeadTest()[pri:0, instance:com.vtiger.OrgTest.CreateLeadsTest@10959ece]" started-at="2022-03-24T14:30:02 IST" name="createLeadTest" finished-at="2022-03-24T14:30:02 IST" duration-ms="10" status="PASS">
          <reporter-output>
          </reporter-output>
        </test-method> <!-- createLeadTest -->
      </class> <!-- com.vtiger.OrgTest.CreateLeadsTest -->
    </test> <!-- Default test -->
  </suite> <!-- Default suite -->
</testng-results>
